Image.obj : error LNK2005: "int stbi_write_png_compression_level" (?stbi_write_png_compression_level@@3HA) déjà défini(e) dans Compo.obj
Image.obj : error LNK2005: "int stbi__flip_vertically_on_write" (?stbi__flip_vertically_on_write@@3HA) déjà défini(e) dans Compo.obj
Image.obj : error LNK2005: "int stbi_write_force_png_filter" (?stbi_write_force_png_filter@@3HA) déjà défini(e) dans Compo.obj
Image.obj : error LNK2005: "int stbi_write_tga_with_rle" (?stbi_write_tga_with_rle@@3HA) déjà défini(e) dans Compo.obj
Image.obj : error LNK2005: stbi_write_jpg déjà défini(e) dans Compo.obj
Image.obj : error LNK2005: stbi_write_jpg_to_func déjà défini(e) dans Compo.obj
Image.obj : error LNK2005: stbi_write_png_to_func déjà défini(e) dans Compo.obj
Image.obj : error LNK2005: stbi_write_png déjà défini(e) dans Compo.obj
Image.obj : error LNK2005: stbi_write_png_to_mem déjà défini(e) dans Compo.obj
Image.obj : error LNK2005: stbi_zlib_compress déjà défini(e) dans Compo.obj
Image.obj : error LNK2005: stbi_write_hdr déjà défini(e) dans Compo.obj
Image.obj : error LNK2005: stbi_write_hdr_to_func déjà défini(e) dans Compo.obj
Image.obj : error LNK2005: stbi_write_tga déjà défini(e) dans Compo.obj
Image.obj : error LNK2005: stbi_write_tga_to_func déjà défini(e) dans Compo.obj
Image.obj : error LNK2005: stbi_write_bmp déjà défini(e) dans Compo.obj
Image.obj : error LNK2005: stbi_write_bmp_to_func déjà défini(e) dans Compo.obj
Image.obj : error LNK2005: stbi_flip_vertically_on_write déjà défini(e) dans Compo.obj
Image.obj : error LNK2005: stbi_is_16_bit_from_callbacks déjà défini(e) dans Compo.obj
Image.obj : error LNK2005: stbi_is_16_bit_from_memory déjà défini(e) dans Compo.obj
Image.obj : error LNK2005: stbi_info_from_callbacks déjà défini(e) dans Compo.obj
Image.obj : error LNK2005: stbi_info_from_memory déjà défini(e) dans Compo.obj
Image.obj : error LNK2005: stbi_is_16_bit_from_file déjà défini(e) dans Compo.obj
Image.obj : error LNK2005: stbi_is_16_bit déjà défini(e) dans Compo.obj
Image.obj : error LNK2005: stbi_info_from_file déjà défini(e) dans Compo.obj
Image.obj : error LNK2005: stbi_info déjà défini(e) dans Compo.obj
Image.obj : error LNK2005: stbi_convert_iphone_png_to_rgb déjà défini(e) dans Compo.obj
Image.obj : error LNK2005: stbi_set_unpremultiply_on_load déjà défini(e) dans Compo.obj
Image.obj : error LNK2005: stbi_zlib_decode_noheader_buffer déjà défini(e) dans Compo.obj
Image.obj : error LNK2005: stbi_zlib_decode_noheader_malloc déjà défini(e) dans Compo.obj
Image.obj : error LNK2005: stbi_zlib_decode_buffer déjà défini(e) dans Compo.obj
Image.obj : error LNK2005: stbi_zlib_decode_malloc_guesssize_headerflag déjà défini(e) dans Compo.obj
Image.obj : error LNK2005: stbi_zlib_decode_malloc déjà défini(e) dans Compo.obj
Image.obj : error LNK2005: stbi_zlib_decode_malloc_guesssize déjà défini(e) dans Compo.obj
Image.obj : error LNK2005: stbi_hdr_to_ldr_scale déjà défini(e) dans Compo.obj
Image.obj : error LNK2005: stbi_hdr_to_ldr_gamma déjà défini(e) dans Compo.obj
Image.obj : error LNK2005: stbi_ldr_to_hdr_scale déjà défini(e) dans Compo.obj
Image.obj : error LNK2005: stbi_ldr_to_hdr_gamma déjà défini(e) dans Compo.obj
Image.obj : error LNK2005: stbi_is_hdr_from_callbacks déjà défini(e) dans Compo.obj
Image.obj : error LNK2005: stbi_is_hdr_from_file déjà défini(e) dans Compo.obj
Image.obj : error LNK2005: stbi_is_hdr déjà défini(e) dans Compo.obj
Image.obj : error LNK2005: stbi_is_hdr_from_memory déjà défini(e) dans Compo.obj
Image.obj : error LNK2005: stbi_loadf_from_file déjà défini(e) dans Compo.obj
Image.obj : error LNK2005: stbi_loadf déjà défini(e) dans Compo.obj
Image.obj : error LNK2005: stbi_loadf_from_callbacks déjà défini(e) dans Compo.obj
Image.obj : error LNK2005: stbi_loadf_from_memory déjà défini(e) dans Compo.obj
Image.obj : error LNK2005: stbi_load_gif_from_memory déjà défini(e) dans Compo.obj
Image.obj : error LNK2005: stbi_load_from_callbacks déjà défini(e) dans Compo.obj
Image.obj : error LNK2005: stbi_load_from_memory déjà défini(e) dans Compo.obj
Image.obj : error LNK2005: stbi_load_16_from_callbacks déjà défini(e) dans Compo.obj
Image.obj : error LNK2005: stbi_load_16_from_memory déjà défini(e) dans Compo.obj
Image.obj : error LNK2005: stbi_load_16 déjà défini(e) dans Compo.obj
Image.obj : error LNK2005: stbi_load_from_file_16 déjà défini(e) dans Compo.obj
Image.obj : error LNK2005: stbi_load_from_file déjà défini(e) dans Compo.obj
Image.obj : error LNK2005: stbi_load déjà défini(e) dans Compo.obj
Image.obj : error LNK2005: stbi_set_flip_vertically_on_load déjà défini(e) dans Compo.obj
Image.obj : error LNK2005: stbi_image_free déjà défini(e) dans Compo.obj
Image.obj : error LNK2005: stbi_failure_reason déjà défini(e) dans Compo.obj
C:\Users\33783\Documents\4A3DJV\Compo\x64\Release\Compo.exe : fatal error LNK1169: un ou plusieurs symboles définis à différentes reprises ont été rencontrés
